[ 2018-11-05T11:29:37+08:00 ] localhost/suyangpintuan/
E_ERR: Call to undefined function loadClass() in E:\wamp64\www\suyangpintuan\system\core\lowxp.php on line 69

[ 2018-11-05T11:30:07+08:00 ] localhost/suyangpintuan/web/
E_ERR: Call to undefined function loadClass() in E:\wamp64\www\suyangpintuan\system\core\lowxp.php on line 69

[ 2018-11-05T11:30:29+08:00 ] localhost/suyangpintuan/web/
E_ERR: Call to undefined function loadClass() in E:\wamp64\www\suyangpintuan\system\core\lowxp.php on line 69

[ 2018-11-05T11:30:34+08:00 ] localhost/suyangpintuan/web/
E_ERR: Call to undefined function loadClass() in E:\wamp64\www\suyangpintuan\system\core\lowxp.php on line 69

[ 2018-11-05T11:30:48+08:00 ] localhost/suyangpintuan/web/
E_ERR: Call to undefined function loadClass() in E:\wamp64\www\suyangpintuan\system\core\lowxp.php on line 69

[ 2018-11-05T11:31:26+08:00 ] localhost/suyangpintuan/web/
E_ERR: Call to undefined function loadClass() in E:\wamp64\www\suyangpintuan\system\core\lowxp.php on line 69

[ 2018-11-05T11:31:29+08:00 ] localhost/suyangpintuan/web/
E_ERR: Call to undefined function loadClass() in E:\wamp64\www\suyangpintuan\system\core\lowxp.php on line 69

[ 2018-11-05T11:31:31+08:00 ] localhost/suyangpintuan/web/
E_ERR: Call to undefined function loadClass() in E:\wamp64\www\suyangpintuan\system\core\lowxp.php on line 69

[ 2018-11-05T11:31:33+08:00 ] localhost/suyangpintuan/web/
E_ERR: Call to undefined function loadClass() in E:\wamp64\www\suyangpintuan\system\core\lowxp.php on line 69

[ 2018-11-05T11:31:35+08:00 ] localhost/suyangpintuan/web/
E_ERR: Call to undefined function loadClass() in E:\wamp64\www\suyangpintuan\system\core\lowxp.php on line 69

[ 2018-11-05T11:40:45+08:00 ] localhost/suyangpintuan/
E_ERR: Call to undefined function loadClass() in E:\wamp64\www\suyangpintuan\system\core\lowxp.php on line 69

[ 2018-11-05T11:41:29+08:00 ] localhost/suyangpintuan/
E_ERR: Call to undefined function loadClass() in E:\wamp64\www\suyangpintuan\system\core\lowxp.php on line 69

[ 2018-11-05T11:47:52+08:00 ] localhost/suyangpintuan/
E_ERR: Call to undefined function loadClass() in E:\wamp64\www\suyangpintuan\system\core\lowxp.php on line 69

[ 2018-11-05T11:47:55+08:00 ] localhost/suyangpintuan/
E_ERR: Call to undefined function loadClass() in E:\wamp64\www\suyangpintuan\system\core\lowxp.php on line 69

[ 2018-11-05T12:34:57+08:00 ] localhost/suyangpintuan/
E_ERR: Call to undefined function loadClass() in E:\wamp64\www\suyangpintuan\system\core\lowxp.php on line 69

[ 2018-11-05T12:37:41+08:00 ] localhost/suyangpintuan/
E_ERR: Call to undefined function loadClass() in E:\wamp64\www\suyangpintuan\system\core\lowxp.php on line 69

[ 2018-11-05T12:38:12+08:00 ] localhost/suyangpintuan/
E_ERR: Call to undefined function loadClass() in E:\wamp64\www\suyangpintuan\system\core\lowxp.php on line 69

[ 2018-11-05T12:40:17+08:00 ] localhost/suyangpintuan/web/index.php
E_ERR: Call to undefined function loadClass() in E:\wamp64\www\suyangpintuan\system\core\lowxp.php on line 69

[ 2018-11-05T12:41:43+08:00 ] localhost/suyangpintuan/web/index.php
E_ERR: Call to undefined function loadClass() in E:\wamp64\www\suyangpintuan\system\core\lowxp.php on line 69

[ 2018-11-05T12:41:55+08:00 ] localhost/suyangpintuan/web/index.php
E_ERR: Call to undefined function loadClass() in E:\wamp64\www\suyangpintuan\system\core\lowxp.php on line 69

[ 2018-11-05T12:43:47+08:00 ] localhost/suyangpintuan/web/index.php
E_ERR: Call to undefined function loadClass() in E:\wamp64\www\suyangpintuan\system\core\lowxp.php on line 69

[ 2018-11-05T12:44:31+08:00 ] localhost/suyangpintuan/web/index.php
E_ERR: Call to undefined function loadClass() in E:\wamp64\www\suyangpintuan\system\core\lowxp.php on line 69

[ 2018-11-05T12:45:58+08:00 ] localhost/suyangpintuan/web/index.php
E_ERR: Call to undefined function loadClass() in E:\wamp64\www\suyangpintuan\system\core\lowxp.php on line 69

[ 2018-11-05T12:46:36+08:00 ] localhost/suyangpintuan/web/index.php
E_ERR: Call to undefined function loadClass() in E:\wamp64\www\suyangpintuan\system\core\lowxp.php on line 69

[ 2018-11-05T12:46:45+08:00 ] localhost/suyangpintuan/web/index.php
E_ERR: Call to undefined function loadClass() in E:\wamp64\www\suyangpintuan\system\core\lowxp.php on line 69

[ 2018-11-05T12:47:13+08:00 ] localhost/suyangpintuan/web/index.php
E_ERR: Call to undefined function loadClass() in E:\wamp64\www\suyangpintuan\system\core\lowxp.php on line 69

[ 2018-11-05T12:47:15+08:00 ] localhost/suyangpintuan/web/index.php
E_ERR: Call to undefined function loadClass() in E:\wamp64\www\suyangpintuan\system\core\lowxp.php on line 69

[ 2018-11-05T12:48:45+08:00 ] localhost/suyangpintuan/web/index.php
E_ERR: Call to undefined function loadClass() in E:\wamp64\www\suyangpintuan\system\core\lowxp.php on line 69

[ 2018-11-05T12:49:00+08:00 ] localhost/suyangpintuan/web/index.php
E_ERR: Call to undefined function loadClass() in E:\wamp64\www\suyangpintuan\system\core\lowxp.php on line 69

[ 2018-11-05T13:54:13+08:00 ] localhost/suyangpintuan/web/index.php
E_ERR: Call to undefined function loadClass() in E:\wamp64\www\suyangpintuan\system\core\lowxp.php on line 70

[ 2018-11-05T14:10:49+08:00 ] localhost/suyangpintuan/web/index.php
E_COMPILE_ERROR: require_once(): Failed opening required 'vendor\autoload.php' (include_path='.;C:\php\pear') in E:\wamp64\www\suyangpintuan\system\core\lowxp.php on line 69

[ 2018-11-05T14:14:13+08:00 ] localhost/suyangpintuan/web/index.php
E_COMPILE_ERROR: require_once(): Failed opening required 'E:/wamp64/www/suyangpintuan/vendor\autoload.php' (include_path='.;C:\php\pear') in E:\wamp64\www\suyangpintuan\system\core\lowxp.php on line 70

[ 2018-11-05T14:14:40+08:00 ] localhost/suyangpintuan/web/index.php
E_COMPILE_ERROR: require_once(): Failed opening required 'E:/wamp64/www/suyangpintuan/vendor\autoload.php' (include_path='.;C:\php\pear') in E:\wamp64\www\suyangpintuan\system\core\lowxp.php on line 70

[ 2018-11-05T14:15:02+08:00 ] localhost/suyangpintuan/web/index.php
E_COMPILE_ERROR: require_once(): Failed opening required 'E:/wamp64/www/suyangpintuan/\chat-serverendor\autoload.php' (include_path='.;C:\php\pear') in E:\wamp64\www\suyangpintuan\system\core\lowxp.php on line 70

[ 2018-11-05T14:15:12+08:00 ] localhost/suyangpintuan/web/index.php
E_COMPILE_ERROR: require_once(): Failed opening required 'E:/wamp64/www/suyangpintuan/chat-serverendor\autoload.php' (include_path='.;C:\php\pear') in E:\wamp64\www\suyangpintuan\system\core\lowxp.php on line 70

[ 2018-11-05T14:15:31+08:00 ] localhost/suyangpintuan/web/index.php
E_ERR: Call to undefined function loadClass() in E:\wamp64\www\suyangpintuan\system\core\lowxp.php on line 73

[ 2018-11-05T14:38:46+08:00 ] localhost/suyangpintuan/web/index.php
E_ERR: Call to undefined function loadClass() in E:\wamp64\www\suyangpintuan\system\core\lowxp.php on line 69

[ 2018-11-05T14:55:35+08:00 ] localhost/suyangpintuan/web/index.php
E_ERR: Call to undefined function loadClass() in E:\wamp64\www\suyangpintuan\system\core\lowxp.php on line 69

